<?xml version="1.0" encoding="utf-8"?><testsuite errors="0" failures="0" name="sphinx-gallery" skipped="0" tests="2" time="0.3235759735107422"><testcase classname="plot_resume_experiment" file="../examples/plot_resume_experiment.py" line="1" name="Running and resuming an experiment" time="0.26732754707336426"></testcase><testcase classname="plot_replay_experiment" file="../examples/plot_replay_experiment.py" line="1" name="Replay and experiment" time="0.05624842643737793"></testcase></testsuite>