<?xml version="1.0" encoding="utf-8"?><testsuite errors="0" failures="0" name="sphinx-gallery" skipped="0" tests="1" time="1.4078426361083984"><testcase classname="plot_isolated_cluster" file="../examples/properties/plot_isolated_cluster.py" line="1" name="Isolated cluster and bad init" time="1.4078426361083984"></testcase></testsuite>